# JRE version: OpenJDK Runtime Environment (8.0_242-b01) (build 1.8.0_242-release-1644-b01)
# Java VM: OpenJDK 64-Bit Server VM (25.242-b01 mixed mode windows-amd64 compressed oops)
Heap:
 PSYoungGen      total 68608K, used 30200K [0x00000000d5580000, 0x00000000dab00000, 0x0000000100000000)
  eden space 57856K, 52% used [0x00000000d5580000,0x00000000d72fe328,0x00000000d8e00000)
  from space 10752K, 0% used [0x00000000da080000,0x00000000da080000,0x00000000dab00000)
  to   space 14848K, 0% used [0x00000000d8e00000,0x00000000d8e00000,0x00000000d9c80000)
 ParOldGen       total 120320K, used 20601K [0x0000000080000000, 0x0000000087580000, 0x00000000d5580000)
  object space 120320K, 17% used [0x0000000080000000,0x000000008141e678,0x0000000087580000)
 Metaspace       used 52940K, capacity 54648K, committed 55472K, reserved 1099776K
  class space    used 6999K, capacity 7412K, committed 7600K, reserved 1048576K
GC Heap History (10 events):
Event: 9.097 GC heap before
{Heap before GC invocations=34 (full 10):
 PSYoungGen      total 68608K, used 64K [0x00000000d5580000, 0x00000000dac00000, 0x0000000100000000)
  eden space 56832K, 0% used [0x00000000d5580000,0x00000000d5580000,0x00000000d8d00000)
  from space 11776K, 0% used [0x00000000da080000,0x00000000da090000,0x00000000dac00000)
  to   space 10240K, 0% used [0x00000000d8d00000,0x00000000d8d00000,0x00000000d9700000)
 ParOldGen       total 120320K, used 20601K [0x0000000080000000, 0x0000000087580000, 0x00000000d5580000)
  object space 120320K, 17% used [0x0000000080000000,0x000000008141e668,0x0000000087580000)
 Metaspace       used 52180K, capacity 53678K, committed 54576K, reserved 1105920K
  class space    used 6870K, capacity 7198K, committed 7472K, reserved 1048576K
Event: 9.121 GC heap after
Heap after GC invocations=34 (full 10):
 PSYoungGen      total 68608K, used 0K [0x00000000d5580000, 0x00000000dac00000, 0x0000000100000000)
  eden space 56832K, 0% used [0x00000000d5580000,0x00000000d5580000,0x00000000d8d00000)
  from space 11776K, 0% used [0x00000000da080000,0x00000000da080000,0x00000000dac00000)
  to   space 10240K, 0% used [0x00000000d8d00000,0x00000000d8d00000,0x00000000d9700000)
 ParOldGen       total 120320K, used 20601K [0x0000000080000000, 0x0000000087580000, 0x00000000d5580000)
  object space 120320K, 17% used [0x0000000080000000,0x000000008141e678,0x0000000087580000)
 Metaspace       used 52180K, capacity 53678K, committed 54576K, reserved 1099776K
  class space    used 6870K, capacity 7198K, committed 7472K, reserved 1048576K
}
Event: 9.121 GC heap before
{Heap before GC invocations=35 (full 10):
 PSYoungGen      total 68608K, used 0K [0x00000000d5580000, 0x00000000dac00000, 0x0000000100000000)
  eden space 56832K, 0% used [0x00000000d5580000,0x00000000d5580000,0x00000000d8d00000)
  from space 11776K, 0% used [0x00000000da080000,0x00000000da080000,0x00000000dac00000)
  to   space 10240K, 0% used [0x00000000d8d00000,0x00000000d8d00000,0x00000000d9700000)
 ParOldGen       total 120320K, used 20601K [0x0000000080000000, 0x0000000087580000, 0x00000000d5580000)
  object space 120320K, 17% used [0x0000000080000000,0x000000008141e678,0x0000000087580000)
 Metaspace       used 52180K, capacity 53678K, committed 54576K, reserved 1103872K
  class space    used 6870K, capacity 7198K, committed 7472K, reserved 1048576K
Event: 9.122 GC heap after
Heap after GC invocations=35 (full 10):
 PSYoungGen      total 67072K, used 0K [0x00000000d5580000, 0x00000000dac00000, 0x0000000100000000)
  eden space 56832K, 0% used [0x00000000d5580000,0x00000000d5580000,0x00000000d8d00000)
  from space 10240K, 0% used [0x00000000d8d00000,0x00000000d8d00000,0x00000000d9700000)
  to   space 11776K, 0% used [0x00000000da080000,0x00000000da080000,0x00000000dac00000)
 ParOldGen       total 120320K, used 20601K [0x0000000080000000, 0x0000000087580000, 0x00000000d5580000)
  object space 120320K, 17% used [0x0000000080000000,0x000000008141e678,0x0000000087580000)
 Metaspace       used 52180K, capacity 53678K, committed 54576K, reserved 1103872K
  class space    used 6870K, capacity 7198K, committed 7472K, reserved 1048576K
}
Event: 9.122 GC heap before
{Heap before GC invocations=36 (full 11):
 PSYoungGen      total 67072K, used 0K [0x00000000d5580000, 0x00000000dac00000, 0x0000000100000000)
  eden space 56832K, 0% used [0x00000000d5580000,0x00000000d5580000,0x00000000d8d00000)
  from space 10240K, 0% used [0x00000000d8d00000,0x00000000d8d00000,0x00000000d9700000)
  to   space 11776K, 0% used [0x00000000da080000,0x00000000da080000,0x00000000dac00000)
 ParOldGen       total 120320K, used 20601K [0x0000000080000000, 0x0000000087580000, 0x00000000d5580000)
  object space 120320K, 17% used [0x0000000080000000,0x000000008141e678,0x0000000087580000)
 Metaspace       used 52180K, capacity 53678K, committed 54576K, reserved 1103872K
  class space    used 6870K, capacity 7198K, committed 7472K, reserved 1048576K
Event: 9.146 GC heap after
Heap after GC invocations=36 (full 11):
 PSYoungGen      total 67072K, used 0K [0x00000000d5580000, 0x00000000dac00000, 0x0000000100000000)
  eden space 56832K, 0% used [0x00000000d5580000,0x00000000d5580000,0x00000000d8d00000)
  from space 10240K, 0% used [0x00000000d8d00000,0x00000000d8d00000,0x00000000d9700000)
  to   space 11776K, 0% used [0x00000000da080000,0x00000000da080000,0x00000000dac00000)
 ParOldGen       total 120320K, used 20601K [0x0000000080000000, 0x0000000087580000, 0x00000000d5580000)
  object space 120320K, 17% used [0x0000000080000000,0x000000008141e678,0x0000000087580000)
 Metaspace       used 52180K, capacity 53678K, committed 54576K, reserved 1099776K
  class space    used 6870K, capacity 7198K, committed 7472K, reserved 1048576K
}
Event: 9.146 GC heap before
{Heap before GC invocations=37 (full 11):
 PSYoungGen      total 67072K, used 0K [0x00000000d5580000, 0x00000000dac00000, 0x0000000100000000)
  eden space 56832K, 0% used [0x00000000d5580000,0x00000000d5580000,0x00000000d8d00000)
  from space 10240K, 0% used [0x00000000d8d00000,0x00000000d8d00000,0x00000000d9700000)
  to   space 11776K, 0% used [0x00000000da080000,0x00000000da080000,0x00000000dac00000)
 ParOldGen       total 120320K, used 20601K [0x0000000080000000, 0x0000000087580000, 0x00000000d5580000)
  object space 120320K, 17% used [0x0000000080000000,0x000000008141e678,0x0000000087580000)
 Metaspace       used 52180K, capacity 53678K, committed 54576K, reserved 1105920K
  class space    used 6870K, capacity 7198K, committed 7472K, reserved 1048576K
Event: 9.147 GC heap after
Heap after GC invocations=37 (full 11):
 PSYoungGen      total 68608K, used 0K [0x00000000d5580000, 0x00000000dab00000, 0x0000000100000000)
  eden space 57856K, 0% used [0x00000000d5580000,0x00000000d5580000,0x00000000d8e00000)
  from space 10752K, 0% used [0x00000000da080000,0x00000000da080000,0x00000000dab00000)
  to   space 14848K, 0% used [0x00000000d8e00000,0x00000000d8e00000,0x00000000d9c80000)
 ParOldGen       total 120320K, used 20601K [0x0000000080000000, 0x0000000087580000, 0x00000000d5580000)
  object space 120320K, 17% used [0x0000000080000000,0x000000008141e678,0x0000000087580000)
 Metaspace       used 52180K, capacity 53678K, committed 54576K, reserved 1105920K
  class space    used 6870K, capacity 7198K, committed 7472K, reserved 1048576K
}
Event: 9.147 GC heap before
{Heap before GC invocations=38 (full 12):
 PSYoungGen      total 68608K, used 0K [0x00000000d5580000, 0x00000000dab00000, 0x0000000100000000)
  eden space 57856K, 0% used [0x00000000d5580000,0x00000000d5580000,0x00000000d8e00000)
  from space 10752K, 0% used [0x00000000da080000,0x00000000da080000,0x00000000dab00000)
  to   space 14848K, 0% used [0x00000000d8e00000,0x00000000d8e00000,0x00000000d9c80000)
 ParOldGen       total 120320K, used 20601K [0x0000000080000000, 0x0000000087580000, 0x00000000d5580000)
  object space 120320K, 17% used [0x0000000080000000,0x000000008141e678,0x0000000087580000)
 Metaspace       used 52180K, capacity 53678K, committed 54576K, reserved 1105920K
  class space    used 6870K, capacity 7198K, committed 7472K, reserved 1048576K
Event: 9.172 GC heap after
Heap after GC invocations=38 (full 12):
 PSYoungGen      total 68608K, used 0K [0x00000000d5580000, 0x00000000dab00000, 0x0000000100000000)
  eden space 57856K, 0% used [0x00000000d5580000,0x00000000d5580000,0x00000000d8e00000)
  from space 10752K, 0% used [0x00000000da080000,0x00000000da080000,0x00000000dab00000)
  to   space 14848K, 0% used [0x00000000d8e00000,0x00000000d8e00000,0x00000000d9c80000)
 ParOldGen       total 120320K, used 20601K [0x0000000080000000, 0x0000000087580000, 0x00000000d5580000)
  object space 120320K, 17% used [0x0000000080000000,0x000000008141e678,0x0000000087580000)
 Metaspace       used 52180K, capacity 53678K, committed 54576K, reserved 1099776K
  class space    used 6870K, capacity 7198K, committed 7472K, reserved 1048576K
}

