# JRE version: OpenJDK Runtime Environment (8.0_242-b01) (build 1.8.0_242-release-1644-b01)
# Java VM: OpenJDK 64-Bit Server VM (25.242-b01 mixed mode windows-amd64 compressed oops)
Heap:
 PSYoungGen      total 230912K, used 177363K [0x00000000d5580000, 0x00000000e5000000, 0x0000000100000000)
  eden space 215552K, 75% used [0x00000000d5580000,0x00000000df3b8030,0x00000000e2800000)
  from space 15360K, 99% used [0x00000000e3b80000,0x00000000e4a7cc90,0x00000000e4a80000)
  to   space 19968K, 0% used [0x00000000e2800000,0x00000000e2800000,0x00000000e3b80000)
 ParOldGen       total 102400K, used 35610K [0x0000000080000000, 0x0000000086400000, 0x00000000d5580000)
  object space 102400K, 34% used [0x0000000080000000,0x00000000822c6ae0,0x0000000086400000)
 Metaspace       used 73055K, capacity 77153K, committed 77464K, reserved 1116160K
  class space    used 10061K, capacity 10841K, committed 10920K, reserved 1048576K
GC Heap History (10 events):
Event: 5.591 GC heap before
{Heap before GC invocations=13 (full 2):
 PSYoungGen      total 162304K, used 149504K [0x00000000d5580000, 0x00000000e2f00000, 0x0000000100000000)
  eden space 149504K, 100% used [0x00000000d5580000,0x00000000de780000,0x00000000de780000)
  from space 12800K, 0% used [0x00000000df400000,0x00000000df400000,0x00000000e0080000)
  to   space 12800K, 0% used [0x00000000de780000,0x00000000de780000,0x00000000df400000)
 ParOldGen       total 73216K, used 15892K [0x0000000080000000, 0x0000000084780000, 0x00000000d5580000)
  object space 73216K, 21% used [0x0000000080000000,0x0000000080f85240,0x0000000084780000)
 Metaspace       used 45174K, capacity 46958K, committed 47272K, reserved 1089536K
  class space    used 6125K, capacity 6516K, committed 6568K, reserved 1048576K
Event: 5.601 GC heap after
Heap after GC invocations=13 (full 2):
 PSYoungGen      total 162304K, used 12768K [0x00000000d5580000, 0x00000000e4a80000, 0x0000000100000000)
  eden space 149504K, 0% used [0x00000000d5580000,0x00000000d5580000,0x00000000de780000)
  from space 12800K, 99% used [0x00000000de780000,0x00000000df3f8310,0x00000000df400000)
  to   space 15360K, 0% used [0x00000000e3b80000,0x00000000e3b80000,0x00000000e4a80000)
 ParOldGen       total 73216K, used 17876K [0x0000000080000000, 0x0000000084780000, 0x00000000d5580000)
  object space 73216K, 24% used [0x0000000080000000,0x00000000811753b0,0x0000000084780000)
 Metaspace       used 45174K, capacity 46958K, committed 47272K, reserved 1089536K
  class space    used 6125K, capacity 6516K, committed 6568K, reserved 1048576K
}
Event: 6.963 GC heap before
{Heap before GC invocations=14 (full 2):
 PSYoungGen      total 162304K, used 162272K [0x00000000d5580000, 0x00000000e4a80000, 0x0000000100000000)
  eden space 149504K, 100% used [0x00000000d5580000,0x00000000de780000,0x00000000de780000)
  from space 12800K, 99% used [0x00000000de780000,0x00000000df3f8310,0x00000000df400000)
  to   space 15360K, 0% used [0x00000000e3b80000,0x00000000e3b80000,0x00000000e4a80000)
 ParOldGen       total 73216K, used 17876K [0x0000000080000000, 0x0000000084780000, 0x00000000d5580000)
  object space 73216K, 24% used [0x0000000080000000,0x00000000811753b0,0x0000000084780000)
 Metaspace       used 56405K, capacity 58682K, committed 58920K, reserved 1099776K
  class space    used 7691K, capacity 8141K, committed 8232K, reserved 1048576K
Event: 6.981 GC heap after
Heap after GC invocations=14 (full 2):
 PSYoungGen      total 230912K, used 15349K [0x00000000d5580000, 0x00000000e5000000, 0x0000000100000000)
  eden space 215552K, 0% used [0x00000000d5580000,0x00000000d5580000,0x00000000e2800000)
  from space 15360K, 99% used [0x00000000e3b80000,0x00000000e4a7d510,0x00000000e4a80000)
  to   space 19968K, 0% used [0x00000000e2800000,0x00000000e2800000,0x00000000e3b80000)
 ParOldGen       total 73216K, used 25432K [0x0000000080000000, 0x0000000084780000, 0x00000000d5580000)
  object space 73216K, 34% used [0x0000000080000000,0x00000000818d60b8,0x0000000084780000)
 Metaspace       used 56405K, capacity 58682K, committed 58920K, reserved 1099776K
  class space    used 7691K, capacity 8141K, committed 8232K, reserved 1048576K
}
Event: 7.046 GC heap before
{Heap before GC invocations=15 (full 2):
 PSYoungGen      total 230912K, used 25204K [0x00000000d5580000, 0x00000000e5000000, 0x0000000100000000)
  eden space 215552K, 4% used [0x00000000d5580000,0x00000000d5f1fe10,0x00000000e2800000)
  from space 15360K, 99% used [0x00000000e3b80000,0x00000000e4a7d510,0x00000000e4a80000)
  to   space 19968K, 0% used [0x00000000e2800000,0x00000000e2800000,0x00000000e3b80000)
 ParOldGen       total 73216K, used 25432K [0x0000000080000000, 0x0000000084780000, 0x00000000d5580000)
  object space 73216K, 34% used [0x0000000080000000,0x00000000818d60b8,0x0000000084780000)
 Metaspace       used 56618K, capacity 59025K, committed 59160K, reserved 1099776K
  class space    used 7734K, capacity 8232K, committed 8232K, reserved 1048576K
Event: 7.053 GC heap after
Heap after GC invocations=15 (full 2):
 PSYoungGen      total 235520K, used 481K [0x00000000d5580000, 0x00000000e5000000, 0x0000000100000000)
  eden space 215552K, 0% used [0x00000000d5580000,0x00000000d5580000,0x00000000e2800000)
  from space 19968K, 2% used [0x00000000e2800000,0x00000000e28784d8,0x00000000e3b80000)
  to   space 15360K, 0% used [0x00000000e3b80000,0x00000000e3b80000,0x00000000e4a80000)
 ParOldGen       total 73216K, used 34692K [0x0000000080000000, 0x0000000084780000, 0x00000000d5580000)
  object space 73216K, 47% used [0x0000000080000000,0x00000000821e13d8,0x0000000084780000)
 Metaspace       used 56618K, capacity 59025K, committed 59160K, reserved 1099776K
  class space    used 7734K, capacity 8232K, committed 8232K, reserved 1048576K
}
Event: 7.053 GC heap before
{Heap before GC invocations=16 (full 3):
 PSYoungGen      total 235520K, used 481K [0x00000000d5580000, 0x00000000e5000000, 0x0000000100000000)
  eden space 215552K, 0% used [0x00000000d5580000,0x00000000d5580000,0x00000000e2800000)
  from space 19968K, 2% used [0x00000000e2800000,0x00000000e28784d8,0x00000000e3b80000)
  to   space 15360K, 0% used [0x00000000e3b80000,0x00000000e3b80000,0x00000000e4a80000)
 ParOldGen       total 73216K, used 34692K [0x0000000080000000, 0x0000000084780000, 0x00000000d5580000)
  object space 73216K, 47% used [0x0000000080000000,0x00000000821e13d8,0x0000000084780000)
 Metaspace       used 56618K, capacity 59025K, committed 59160K, reserved 1099776K
  class space    used 7734K, capacity 8232K, committed 8232K, reserved 1048576K
Event: 7.246 GC heap after
Heap after GC invocations=16 (full 3):
 PSYoungGen      total 235520K, used 0K [0x00000000d5580000, 0x00000000e5000000, 0x0000000100000000)
  eden space 215552K, 0% used [0x00000000d5580000,0x00000000d5580000,0x00000000e2800000)
  from space 19968K, 0% used [0x00000000e2800000,0x00000000e2800000,0x00000000e3b80000)
  to   space 15360K, 0% used [0x00000000e3b80000,0x00000000e3b80000,0x00000000e4a80000)
 ParOldGen       total 102400K, used 30769K [0x0000000080000000, 0x0000000086400000, 0x00000000d5580000)
  object space 102400K, 30% used [0x0000000080000000,0x0000000081e0c580,0x0000000086400000)
 Metaspace       used 56527K, capacity 58725K, committed 59160K, reserved 1099776K
  class space    used 7707K, capacity 8182K, committed 8232K, reserved 1048576K
}
Event: 12.472 GC heap before
{Heap before GC invocations=17 (full 3):
 PSYoungGen      total 235520K, used 215552K [0x00000000d5580000, 0x00000000e5000000, 0x0000000100000000)
  eden space 215552K, 100% used [0x00000000d5580000,0x00000000e2800000,0x00000000e2800000)
  from space 19968K, 0% used [0x00000000e2800000,0x00000000e2800000,0x00000000e3b80000)
  to   space 15360K, 0% used [0x00000000e3b80000,0x00000000e3b80000,0x00000000e4a80000)
 ParOldGen       total 102400K, used 30769K [0x0000000080000000, 0x0000000086400000, 0x00000000d5580000)
  object space 102400K, 30% used [0x0000000080000000,0x0000000081e0c580,0x0000000086400000)
 Metaspace       used 69758K, capacity 72425K, committed 72728K, reserved 1112064K
  class space    used 9555K, capacity 10161K, committed 10280K, reserved 1048576K
Event: 12.496 GC heap after
Heap after GC invocations=17 (full 3):
 PSYoungGen      total 230912K, used 15347K [0x00000000d5580000, 0x00000000e5000000, 0x0000000100000000)
  eden space 215552K, 0% used [0x00000000d5580000,0x00000000d5580000,0x00000000e2800000)
  from space 15360K, 99% used [0x00000000e3b80000,0x00000000e4a7cc90,0x00000000e4a80000)
  to   space 19968K, 0% used [0x00000000e2800000,0x00000000e2800000,0x00000000e3b80000)
 ParOldGen       total 102400K, used 35610K [0x0000000080000000, 0x0000000086400000, 0x00000000d5580000)
  object space 102400K, 34% used [0x0000000080000000,0x00000000822c6ae0,0x0000000086400000)
 Metaspace       used 69758K, capacity 72425K, committed 72728K, reserved 1112064K
  class space    used 9555K, capacity 10161K, committed 10280K, reserved 1048576K
}

